ď»ż
> ai-workspace@0.1.0 build
> next build

Î“Ă»â–“ Next.js 16.2.6 (Turbopack)
- Environments: .env
- Experiments (use with caution):
  â”¬â•– optimizePackageImports

  Creating an optimized production build ...
Î“ÂŁĂ´ Compiled successfully in 20.7s
  Running TypeScript ...
  Finished TypeScript in 18.3s ...
  Collecting page data using 7 workers ...
  Generating static pages using 7 workers (0/28) ...
  Generating static pages using 7 workers (7/28) 
  Generating static pages using 7 workers (14/28) 
  Generating static pages using 7 workers (21/28) 
Î“ÂŁĂ´ Generating static pages using 7 workers (28/28) in 2.1s
  Finalizing page optimization ...

Route (app)
Î“Ă¶Ă® Î“ĂąĂŻ /
Î“Ă¶ÂŁ Î“ĂąĂŻ /_not-found
Î“Ă¶ÂŁ Î“ĂąĂŻ /about
Î“Ă¶ÂŁ Î“ĂąĂŻ /ai
Î“Ă¶ÂŁ â•žĂ† /api/ai
Î“Ă¶ÂŁ â•žĂ† /api/auth/[...nextauth]
Î“Ă¶ÂŁ â•žĂ† /api/register
Î“Ă¶ÂŁ â•žĂ† /api/test-db
Î“Ă¶ÂŁ Î“ĂąĂŻ /auth/auth-code-error
Î“Ă¶ÂŁ â•žĂ† /auth/callback
Î“Ă¶ÂŁ Î“ĂąĂŻ /auth/reset-password
Î“Ă¶ÂŁ Î“ĂąĂŻ /collaboration
Î“Ă¶ÂŁ Î“ĂąĂŻ /command
Î“Ă¶ÂŁ â•žĂ† /dashboard
Î“Ă¶ÂŁ â•žĂ† /documents
Î“Ă¶ÂŁ Î“ĂąĂŻ /editor
Î“Ă¶ÂŁ Î“ĂąĂŻ /features
Î“Ă¶ÂŁ Î“ĂąĂŻ /forgot-password
Î“Ă¶ÂŁ Î“ĂąĂŻ /invite
Î“Ă¶ÂŁ Î“ĂąĂŻ /login
Î“Ă¶ÂŁ Î“ĂąĂŻ /pricing
Î“Ă¶ÂŁ â•žĂ† /profile
Î“Ă¶ÂŁ â•žĂ† /settings
Î“Ă¶ÂŁ Î“ĂąĂŻ /showcase
Î“Ă¶ÂŁ Î“ĂąĂŻ /signup
Î“Ă¶ÂŁ Î“ĂąĂŻ /verify
Î“Ă¶ÂŁ â•žĂ† /workspaces
Î“Ă¶Ă¶ â•žĂ† /workspaces/[id]


â•žĂ† Proxy (Middleware)

Î“ĂąĂŻ  (Static)   prerendered as static content
â•žĂ†  (Dynamic)  server-rendered on demand

